Case #1: 11139 8
Case #2: 25400 34
Case #3: 15808 16
Case #4: 17622 6
Case #5: 26260 5
Case #6: 29665 44
Case #7: 100308 2
Case #8: 176687 20
Case #9: 90316 21
Case #10: 219573 20
Case #11: 87683 2
Case #12: 14316 3
Case #13: 52522 2
Case #14: 60325 2
Case #15: 38478 9
Case #16: 9006 16
Case #17: 33744 10
Case #18: 11364 12
Case #19: 79311 1
Case #20: 41967 5
Case #21: 66958 5
Case #22: 159352 3
Case #23: 54306 10
Case #24: 93064 7
Case #25: 87837 16
Case #26: 166440 40
Case #27: 63756 1
Case #28: 11367726 375
Case #29: 3174657 2637
Case #30: 14222884 116
